"../../../Engine/Content/EditorResources/S_Actor.uasset" 0
"../../../Engine/Content/EditorResources/S_Emitter.uasset" 1
"../../../Engine/Content/EngineFonts/Roboto.uasset" 2
"../../../Engine/Content/Functions/Engine_MaterialFunctions01/Shading/PowerToRoughness.uasset" 3
"../../../Engine/Content/EngineMaterials/DefaultDiffuse.uasset" 4
"../../../Engine/Content/EngineMaterials/DefaultDeferredDecalMaterial.uasset" 5
"../../../Engine/Content/EngineMaterials/DefaultLightFunctionMaterial.uasset" 6
"../../../Engine/Content/Functions/Engine_MaterialFunctions02/Utility/BreakOutFloat2Components.uasset" 7
"../../../Engine/Content/EngineMaterials/DefaultPostProcessMaterial.uasset" 8
"../../../Engine/Content/EngineResources/DefaultTexture.uasset" 9
"../../../Engine/Content/Functions/Engine_MaterialFunctions01/Texturing/ScaleUVsByCenter.uasset" 10
"../../../Engine/Content/Functions/Engine_MaterialFunctions02/ScreenResolution.uasset" 11
"../../../Engine/Content/Functions/Engine_MaterialFunctions02/Texturing/ScreenAlignedUVs.uasset" 12
"../../../Engine/Content/EngineResources/WhiteSquareTexture.uasset" 13
"../../../Engine/Content/EngineMaterials/Widget3DPassThrough.uasset" 14
"../../../Engine/Content/EngineMaterials/Widget3DPassThrough_Translucent.uasset" 15
"../../../Engine/Content/EngineMaterials/Widget3DPassThrough_Translucent_OneSided.uasset" 16
"../../../Engine/Content/EngineMaterials/Widget3DPassThrough_Opaque.uasset" 17
"../../../Engine/Content/EngineMaterials/Widget3DPassThrough_Opaque_OneSided.uasset" 18
"../../../Engine/Content/EngineMaterials/Widget3DPassThrough_Masked.uasset" 19
"../../../Engine/Content/EngineMaterials/Widget3DPassThrough_Masked_OneSided.uasset" 20
"../../../Engine/Content/EditorResources/S_LevelSequence.uasset" 21
"../../../Engine/Content/EditorResources/Bad.uasset" 22
"../../../Engine/Content/EditorMeshes/EditorCube.uasset" 23
"../../../Engine/Content/EditorMeshes/EditorSphere.uasset" 24
"../../../Engine/Content/EditorMeshes/EditorPlane.uasset" 25
"../../../Engine/Content/EditorMeshes/EditorCylinder.uasset" 26
"../../../Engine/Content/Maps/Templates/Thumbnails/Default.uasset" 27
"../../../Engine/Content/EditorMaterials/Thumbnails/SkySphereMaterial.uasset" 28
"../../../Engine/Content/EditorMeshes/EditorSkySphere.uasset" 29
"../../../Engine/Content/EngineMaterials/Grid.uasset" 30
"../../../Engine/Content/EditorMaterials/Thumbnails/FloorPlaneMaterial.uasset" 31
"../../../Engine/Content/MapTemplates/Sky/DaylightAmbientCubemap.uasset" 32
"../../../Engine/Content/EditorMaterials/ParticleSystems/PSysThumbnail_NoImage.uasset" 33
"../../../Engine/Content/EditorMaterials/ParticleSystems/PSysThumbnail_OOD.uasset" 34
"../../../Engine/Content/EditorResources/S_DecalActorIcon.uasset" 35
"../../../Engine/Content/EditorLandscapeResources/LandscapeGizmo_Mat.uasset" 36
"../../../Engine/Content/EditorLandscapeResources/LandscapeGizmo_Mat_Copied.uasset" 37
"../../../Engine/Content/EditorLandscapeResources/LandscapeGizmoHeight_Mat.uasset" 38
"../../../Engine/Content/EditorLandscapeResources/DataLayer.uasset" 39
"../../../Engine/Content/EditorResources/S_Terrain.uasset" 40
"../../../Engine/Content/EditorLandscapeResources/SplineEditorMeshMat.uasset" 41
"../../../Engine/Content/EditorLandscapeResources/SplineEditorMesh.uasset" 42
"../../../Engine/Content/EditorResources/MatineeCam_D.uasset" 43
"../../../Engine/Content/EditorMaterials/MatineeCam_mat.uasset" 44
"../../../Engine/Content/EditorMeshes/MatineeCam_SM.uasset" 45
"../../../Engine/Content/Functions/Engine_MaterialFunctions02/Utility/Sign.uasset" 46
"../../../Engine/Content/Functions/Engine_MaterialFunctions02/Utility/Round.uasset" 47
"../../../Engine/Content/Functions/Engine_MaterialFunctions02/ExampleContent/Textures/flipbook.uasset" 48
"../../../Engine/Content/Functions/Engine_MaterialFunctions02/Texturing/FlipBook.uasset" 49
"../../../Engine/Content/EditorResources/T_EditorHelp.uasset" 50
"../../../Engine/Content/EditorMaterials/HelpActorMaterial.uasset" 51
"../../../Engine/Content/EditorResources/S_ExpoHeightFog.uasset" 52
"../../../Engine/Content/EditorResources/S_NavP.uasset" 53
"../../../Engine/Content/EditorResources/S_Player.uasset" 54
"../../../Engine/Content/EditorResources/LightIcons/SkyLight.uasset" 55
"../../../Engine/Content/EditorResources/S_WindDirectional.uasset" 56
"../../../Engine/Content/EngineDamageTypes/DmgTypeBP_Environmental.uasset" 57
"../../../Engine/Content/EditorResources/LightIcons/S_LightDirectional.uasset" 58
"../../../Engine/Content/EditorResources/LightIcons/S_LightDirectionalMove.uasset" 59
"../../../Engine/Content/EditorResources/LightIcons/S_LightPoint.uasset" 60
"../../../Engine/Content/EditorResources/LightIcons/S_LightPointMove.uasset" 61
"../../../Engine/Content/EditorResources/LightIcons/S_LightSpot.uasset" 62
"../../../Engine/Content/EditorResources/LightIcons/S_LightSpotMove.uasset" 63
"../../../Engine/Content/EditorResources/S_PortalActorIcon2.uasset" 64
"../../../Engine/Content/EditorResources/MatInstActSprite.uasset" 65
"../../../Engine/Content/EditorResources/SceneManager.uasset" 66
"../../../Engine/Content/EditorResources/AI/S_NavLink.uasset" 67
"../../../Engine/Content/EditorResources/S_Note.uasset" 68
"../../../Engine/Content/EngineMeshes/Sphere.uasset" 69
"../../../Engine/Content/EditorResources/S_ReflActorIcon.uasset" 70
"../../../Engine/Content/EditorResources/S_Thruster.uasset" 71
"../../../Engine/Content/EditorResources/S_RadForce.uasset" 72
"../../../Engine/Content/EditorMaterials/TargetIcon.uasset" 73
"../../../Engine/Content/EngineFonts/RobotoDistanceField.uasset" 74
"../../../Engine/Content/EngineMaterials/DefaultTextMaterialOpaque.uasset" 75
"../../../Engine/Content/EditorResources/S_TextRenderActorIcon.uasset" 76
"../../../Engine/Content/EditorResources/S_Trigger.uasset" 77
"../../../Engine/Content/EditorResources/S_VectorFieldVol.uasset" 78
"../../../Engine/Content/EngineResources/GradientTexture0.uasset" 79
"../../../Engine/Content/EngineResources/Black.uasset" 80
"../../../Engine/Content/EditorMaterials/MatineeGroups/MAT_Groups_Float.uasset" 81
"../../../Engine/Content/EditorMaterials/MatineeGroups/MAT_Groups_Director.uasset" 82
"../../../Engine/Content/EditorMaterials/MatineeGroups/MAT_Groups_Event.uasset" 83
"../../../Engine/Content/EditorMaterials/MatineeGroups/MAT_Groups_Anim.uasset" 84
"../../../Engine/Content/EditorMaterials/MatineeGroups/MAT_Groups_Fade.uasset" 85
"../../../Engine/Content/EditorMaterials/MatineeGroups/MAT_Groups_Move.uasset" 86
"../../../Engine/Content/EditorMaterials/MatineeGroups/MAT_Groups_Slomo.uasset" 87
"../../../Engine/Content/EditorMaterials/MatineeGroups/MAT_ColorTrack.uasset" 88
"../../../Engine/Content/EditorMaterials/MAT_Groups_Toggle.uasset" 89
"../../../Engine/Content/EditorMaterials/MatineeGroups/MAT_Groups_AudioMaster.uasset" 90
"../../../Engine/Content/EditorMaterials/MatineeGroups/MAT_Groups_Sound.uasset" 91
"../../../Engine/Content/EditorMaterials/MatineeGroups/MAT_Groups_Vector.uasset" 92
"../../../Engine/Content/EditorMaterials/MAT_Groups_Visibility.uasset" 93
"../../../Engine/Content/EngineResources/DefaultTextureCube.uasset" 94
"../../../Engine/Content/Functions/Engine_MaterialFunctions01/Opacity/CameraDepthFade.uasset" 95
"../../../Engine/Content/EngineMaterials/T_Default_Material_Grid_M.uasset" 96
"../../../Engine/Content/EngineMaterials/T_Default_Material_Grid_N.uasset" 97
"../../../Engine/Content/EngineMaterials/DefaultMaterial.uasset" 98
"../../../Engine/Content/EngineMeshes/Cylinder.uasset" 99
"../../../Engine/Content/EngineTireTypes/DefaultTireType.uasset" 100
"../../../Engine/Content/EditorResources/S_FTest.uasset" 101
"../../../Engine/Plugins/2D/Paper2D/Content/PlaceholderTextures/DummySpriteTexture.uasset" 102
"../../../Engine/Plugins/2D/Paper2D/Content/DefaultSpriteMaterial.uasset" 103
"../../../Engine/Plugins/2D/Paper2D/Content/MaskedUnlitSpriteMaterial.uasset" 104
"../../../Engine/Plugins/2D/Paper2D/Content/OpaqueUnlitSpriteMaterial.uasset" 105
"../../../Engine/Plugins/2D/Paper2D/Content/DummySprite.uasset" 106
"../../../Engine/Plugins/2D/Paper2D/Content/DefaultPaperTerrainMaterial.uasset" 107
"../../../Engine/Content/EditorSounds/Notifications/CompileSuccess.uasset" 108
"../../../Engine/Content/EditorSounds/Notifications/CompileStart_Cue.uasset" 109
"../../../Engine/Content/EditorSounds/Notifications/CompileSuccess_Cue.uasset" 110
"../../../Engine/Content/EditorSounds/Notifications/CompileFailed.uasset" 111
"../../../Engine/Content/EditorSounds/Notifications/CompileFailed_Cue.uasset" 112
"../../../Engine/Content/BufferVisualization/BaseColor.uasset" 113
"../../../Engine/Content/BufferVisualization/CustomDepth.uasset" 114
"../../../Engine/Content/Functions/Engine_MaterialFunctions02/Utility/MakeFloat2.uasset" 115
"../../../Engine/Content/Functions/Engine_MaterialFunctions02/Utility/MakeFloat3.uasset" 116
"../../../Engine/Content/EngineMaterials/MiniFont.uasset" 117
"../../../Engine/Content/BufferVisualization/CustomStencil.uasset" 118
"../../../Engine/Content/BufferVisualization/FinalImage.uasset" 119
"../../../Engine/Content/BufferVisualization/LightingModel.uasset" 120
"../../../Engine/Content/BufferVisualization/MaterialAO.uasset" 121
"../../../Engine/Content/BufferVisualization/Metallic.uasset" 122
"../../../Engine/Content/BufferVisualization/Opacity.uasset" 123
"../../../Engine/Content/BufferVisualization/Roughness.uasset" 124
"../../../Engine/Content/BufferVisualization/SceneColor.uasset" 125
"../../../Engine/Content/BufferVisualization/SceneDepth.uasset" 126
"../../../Engine/Content/BufferVisualization/SeparateTranslucencyRGB.uasset" 127
"../../../Engine/Content/BufferVisualization/SeparateTranslucencyA.uasset" 128
"../../../Engine/Content/BufferVisualization/Specular.uasset" 129
"../../../Engine/Content/BufferVisualization/SubsurfaceColor.uasset" 130
"../../../Engine/Content/BufferVisualization/WorldNormal.uasset" 131
"../../../Engine/Content/EngineMaterials/DefaultPhysicalMaterial.uasset" 132
"../../../Engine/Content/BufferVisualization/AmbientOcclusion.uasset" 133
"../../../Engine/Content/Functions/Engine_MaterialFunctions02/Utility/VectorLength.uasset" 134
"../../../Engine/Content/BufferVisualization/CustomDepthWorldUnits.uasset" 135
"../../../Engine/Content/BufferVisualization/SceneDepthWorldUnits.uasset" 136
"../../../Engine/Content/BufferVisualization/HDRColor.uasset" 137
"../../../Engine/Content/EngineMaterials/HighResolutionScreenshotMaskFunction.uasset" 138
"../../../Engine/Content/EngineMaterials/HighResScreenshot.uasset" 139
"../../../Engine/Content/EngineMaterials/HighResScreenshotMask.uasset" 140
"../../../Engine/Content/EngineMaterials/HighResScreenshotCaptureRegion.uasset" 141
"../../../Engine/Content/EngineDebugMaterials/WireframeMaterial.uasset" 142
"../../../Engine/Content/Functions/Engine_MaterialFunctions01/Shading/ConvertFromDiffSpec.uasset" 143
"../../../Engine/Content/EngineDebugMaterials/LevelColorationLitMaterial.uasset" 144
"../../../Engine/Content/EngineDebugMaterials/LevelColorationUnlitMaterial.uasset" 145
"../../../Engine/Content/EngineMaterials/DefaultWhiteGrid.uasset" 146
"../../../Engine/Content/EngineDebugMaterials/MAT_LevelColorationLitLightmapUV.uasset" 147
"../../../Engine/Content/EngineDebugMaterials/ShadedLevelColorationLitMaterial.uasset" 148
"../../../Engine/Content/EngineDebugMaterials/ShadedLevelColorationUnlitMateri.uasset" 149
"../../../Engine/Content/EngineDebugMaterials/VertexColorMaterial.uasset" 150
"../../../Engine/Content/EngineDebugMaterials/VertexColorViewMode_ColorOnly.uasset" 151
"../../../Engine/Content/EngineDebugMaterials/VertexColorViewMode_AlphaAsColor.uasset" 152
"../../../Engine/Content/EngineDebugMaterials/VertexColorViewMode_RedOnly.uasset" 153
"../../../Engine/Content/EngineDebugMaterials/VertexColorViewMode_GreenOnly.uasset" 154
"../../../Engine/Content/EngineDebugMaterials/VertexColorViewMode_BlueOnly.uasset" 155
"../../../Engine/Content/EngineMaterials/RemoveSurfaceMaterial.uasset" 156
"../../../Engine/Content/EngineDebugMaterials/DebugMeshMaterial.uasset" 157
"../../../Engine/Content/EngineMaterials/InvalidLightmapSettings.uasset" 158
"../../../Engine/Content/EngineMaterials/M_InvalidLightmapSettings.uasset" 159
"../../../Engine/Content/EditorMaterials/GizmoMaterial.uasset" 160
"../../../Engine/Content/EngineDebugMaterials/GeomMaterial.uasset" 161
"../../../Engine/Content/EngineMaterials/EditorBrushMaterial.uasset" 162
"../../../Engine/Content/EngineDebugMaterials/HeatmapGradient.uasset" 163
"../../../Engine/Content/EngineDebugMaterials/BoneWeightMaterial.uasset" 164
"../../../Engine/Content/EditorMaterials/PreviewShadowIndicator.uasset" 165
"../../../Engine/Content/EditorMaterials/PreviewShadowIndicatorMaterial.uasset" 166
"../../../Engine/Content/EditorMaterials/PhAT_JointLimitMaterial.uasset" 167
"../../../Engine/Content/EditorResources/BSPVertex.uasset" 168
"../../../Engine/Content/EngineMaterials/Good64x64TilingNoiseHighFreq.uasset" 169
"../../../Engine/Content/EngineMaterials/DefaultBokeh.uasset" 170
"../../../Engine/Content/EngineMaterials/PreintegratedSkinBRDF.uasset" 171
"../../../Engine/Content/EngineMaterials/WeightMapPlaceholderTexture.uasset" 172
"../../../Engine/Content/EngineFonts/RobotoTiny.uasset" 173
"../../../Engine/Content/EngineResources/AICON-Red.uasset" 174
"../../../Engine/Content/EngineResources/AICON-Green.uasset" 175
"../../../Engine/Content/MobileResources/HUD/MobileHUDButton2_on.uasset" 176
"../../../Engine/Content/Tutorial/ContentIntroCurve.uasset" 177
"../../../Engine/Content/EditorMaterials/Cross.uasset" 178
"../../../Engine/Content/EditorMaterials/Cross_Mat.uasset" 179
"../../../Engine/Content/EditorMaterials/PhAT_BoneSelectedMaterial.uasset" 180
"../../../Engine/Content/EditorMaterials/PhAT_ElemSelectedMaterial.uasset" 181
"../../../Engine/Content/EditorMaterials/PhAT_NoCollisionMaterial.uasset" 182
"../../../Engine/Content/EditorMaterials/PhAT_UnselectedMaterial.uasset" 183
"../../../Engine/Content/EditorMaterials/Tick.uasset" 184
"../../../Engine/Content/EditorMaterials/Tick_Mat.uasset" 185
"../../../Engine/Content/EditorMaterials/WidgetGridVertexColorMaterial.uasset" 186
"../../../Engine/Content/EditorMaterials/WidgetGridVertexColorMaterial_Ma.uasset" 187
"../../../Engine/Content/EditorMaterials/WidgetMaterial.uasset" 188
"../../../Engine/Content/EditorMaterials/WidgetMaterial_Current.uasset" 189
"../../../Engine/Content/EditorMaterials/WidgetMaterial_X.uasset" 190
"../../../Engine/Content/EditorMaterials/WidgetMaterial_Y.uasset" 191
"../../../Engine/Content/EditorMaterials/WidgetMaterial_Z.uasset" 192
"../../../Engine/Content/EditorMaterials/WidgetVertexColorMaterial.uasset" 193
"../../../Engine/Content/EditorMaterials/CompositeARGBLayer.uasset" 194
"../../../Engine/Content/EditorMaterials/TilingAALineIntegral.uasset" 195
"../../../Engine/Content/EditorMaterials/TilingAALineBoxFiltered.uasset" 196
"../../../Engine/Content/Functions/Engine_MaterialFunctions03/Procedurals/ComputeFilterWidth.uasset" 197
"../../../Engine/Content/EditorMaterials/TilingAADots.uasset" 198
"../../../Engine/Content/EditorMaterials/Cascade/CASC_Cross.uasset" 199
"../../../Engine/Content/EditorMaterials/Cascade/CASC_None.uasset" 200
"../../../Engine/Content/Functions/Engine_MaterialFunctions03/Blends/Blend_Screen.uasset" 201
"../../../Engine/Content/EditorMaterials/TilingAAGrid.uasset" 202
"../../../Engine/Content/EditorMaterials/LevelGridMaterial.uasset" 203
"../../../Engine/Content/EditorResources/SmallFont.uasset" 204
"../../../Engine/Content/EditorResources/S_KBSJoint.uasset" 205
"../../../Engine/Content/EditorResources/S_KHinge.uasset" 206
"../../../Engine/Content/EditorResources/S_KPrismatic.uasset" 207
"../../../Engine/Content/EditorResources/LightIcons/S_LightError.uasset" 208
"../../../Engine/Content/EditorResources/Spline/T_Loft_Spline.uasset" 209
"../../../Engine/Content/EngineMaterials/BlinkingCaret.uasset" 210
"../../../Engine/Content/EngineMaterials/DefaultNormal.uasset" 211
"../../../Engine/Content/EngineMaterials/Grid_N.uasset" 212
"../../../Engine/Content/EngineMaterials/LandscapeHolePhysicalMaterial.uasset" 213
"../../../Engine/Content/EngineMaterials/PaperDiffuse.uasset" 214
"../../../Engine/Content/EngineMaterials/PaperNormal.uasset" 215
"../../../Engine/Content/EngineMaterials/PhysMat_Rubber.uasset" 216
"../../../Engine/Content/EngineFonts/SmallFont.uasset" 217
"../../../Engine/Content/EngineFonts/TinyFont.uasset" 218
"../../../Engine/Content/EngineResources/StreamingPauseIcon.uasset" 219
"../../../Engine/Content/EngineResources/M_StreamingPause.uasset" 220
"../../../Engine/Content/EditorLandscapeResources/DefaultAlphaTexture.uasset" 221
"../../../Engine/Content/BasicShapes/Sphere.uasset" 222
"../../../Engine/Content/BasicShapes/Cone.uasset" 223
"../../../Engine/Content/Tutorial/Basics/TutorialAssets/icon_tab_Levels_40x.uasset" 224
"../../../Engine/Content/EditorMaterials/MakeCompositeARGBLayer.uasset" 225
"../../../Engine/Content/EditorResources/LevelGrid1DStripes.uasset" 226
"../../../Engine/Content/EditorMaterials/TextureGridCascaded1D.uasset" 227
"../../../Engine/Content/EditorMaterials/TextureGridCascaded2D.uasset" 228
"../../../Engine/Content/EditorMaterials/LevelGridMaterial2.uasset" 229
"../../../LandscapeTest3/Content/Mannequin/Character/Mesh/UE4_Mannequin_Skeleton.uasset" 230
"../../../LandscapeTest3/Content/Mannequin/Animations/ThirdPerson_Jump.uasset" 231
"../../../LandscapeTest3/Content/Mannequin/Animations/ThirdPersonJump_Loop.uasset" 232
"../../../LandscapeTest3/Content/Mannequin/Animations/ThirdPersonJump_Start.uasset" 233
"../../../LandscapeTest3/Content/Mannequin/Animations/ThirdPersonIdle.uasset" 234
"../../../LandscapeTest3/Content/Mannequin/Animations/ThirdPersonRun.uasset" 235
"../../../LandscapeTest3/Content/Mannequin/Animations/ThirdPersonWalk.uasset" 236
"../../../LandscapeTest3/Content/Mannequin/Animations/ThirdPerson_IdleRun_2D.uasset" 237
"../../../Engine/Content/EditorBlueprintResources/StandardMacros.uasset" 238
"../../../LandscapeTest3/Content/Mannequin/Animations/ThirdPerson_AnimBP.uasset" 239
"../../../Engine/Content/Functions/Engine_MaterialFunctions02/Utility/BlendAngleCorrectedNormals.uasset" 240
"../../../Engine/Content/Functions/MaterialLayerFunctions/MatLayerBlend_NormalBlend.uasset" 241
"../../../Engine/Content/Functions/MaterialLayerFunctions/MatLayerBlend_Simple.uasset" 242
"../../../LandscapeTest3/Content/Mannequin/Character/Materials/MaterialLayers/T_ML_Rubber_Blue_01_D.uasset" 243
"../../../LandscapeTest3/Content/Mannequin/Character/Materials/MaterialLayers/T_ML_Rubber_Blue_01_N.uasset" 244
"../../../LandscapeTest3/Content/Mannequin/Character/Materials/MaterialLayers/ML_GlossyBlack_Latex_UE4.uasset" 245
"../../../LandscapeTest3/Content/Mannequin/Character/Materials/MaterialLayers/ML_Plastic_Shiny_Beige.uasset" 246
"../../../LandscapeTest3/Content/Mannequin/Character/Textures/UE4_LOGO_CARD.uasset" 247
"../../../LandscapeTest3/Content/Mannequin/Character/Materials/MaterialLayers/ML_Plastic_Shiny_Beige_LOGO.uasset" 248
"../../../LandscapeTest3/Content/Mannequin/Character/Materials/MaterialLayers/T_ML_Aluminum01.uasset" 249
"../../../LandscapeTest3/Content/Mannequin/Character/Materials/MaterialLayers/T_ML_Aluminum01_N.uasset" 250
"../../../LandscapeTest3/Content/Mannequin/Character/Materials/MaterialLayers/ML_SoftMetal_UE4.uasset" 251
"../../../LandscapeTest3/Content/Mannequin/Character/Textures/UE4_Mannequin__normals.uasset" 252
"../../../LandscapeTest3/Content/Mannequin/Character/Textures/UE4_Mannequin_MAT_MASKA.uasset" 253
"../../../LandscapeTest3/Content/Mannequin/Character/Materials/M_UE4Man_Body.uasset" 254
"../../../LandscapeTest3/Content/Mannequin/Character/Textures/UE4Man_Logo_N.uasset" 255
"../../../LandscapeTest3/Content/Mannequin/Character/Materials/M_UE4Man_ChestLogo.uasset" 256
"../../../LandscapeTest3/Content/Mannequin/Character/Mesh/SK_Mannequin_PhysicsAsset.uasset" 257
"../../../LandscapeTest3/Content/Mannequin/Character/Mesh/SK_Mannequin.uasset" 258
"../../../LandscapeTest3/Content/GameBP/Blueprints/ThirdPersonCharacter.uasset" 259
"../../../Engine/Content/MobileResources/T_MobileControls_texture.uasset" 260
"../../../Engine/Content/MobileResources/HUD/MobileHUDDirectionPad.uasset" 261
"../../../LandscapeTest3/Content/Prophet_Stuff/Cyberchick/Prophet_Ingame_Ready__Skeleton.uasset" 262
"../../../LandscapeTest3/Content/Prophet_Stuff/Cyberchick/Animations/Prophet_Anim_Run_.uasset" 263
"../../../LandscapeTest3/Content/Prophet_Stuff/Cyberchick/Animations/Prophet_Anim_Stance_.uasset" 264
"../../../LandscapeTest3/Content/Prophet_Stuff/Cyberchick/Animations/Prophet_Anim_walk_.uasset" 265
"../../../LandscapeTest3/Content/Prophet_Stuff/Cyberchick/BluePrints/Prophet_BS.uasset" 266
"../../../LandscapeTest3/Content/Prophet_Stuff/Cyberchick/BluePrints/Prophet_ANIMBP.uasset" 267
"../../../LandscapeTest3/Content/Prophet_Stuff/Cyberchick/Textures/emissive.uasset" 268
"../../../LandscapeTest3/Content/Prophet_Stuff/Cyberchick/Textures/panner.uasset" 269
"../../../LandscapeTest3/Content/Prophet_Stuff/Cyberchick/Material/Cape.uasset" 270
"../../../LandscapeTest3/Content/Prophet_Stuff/Cyberchick/Textures/wire_006134006_Base_Color_copy.uasset" 271
"../../../LandscapeTest3/Content/Prophet_Stuff/Cyberchick/Textures/wire_006134006_Height.uasset" 272
"../../../LandscapeTest3/Content/Prophet_Stuff/Cyberchick/Textures/wire_006134006_Metallic.uasset" 273
"../../../LandscapeTest3/Content/Prophet_Stuff/Cyberchick/Textures/wire_006134006_Mixed_AO.uasset" 274
"../../../LandscapeTest3/Content/Prophet_Stuff/Cyberchick/Textures/wire_006134006_Normal_DirectX.uasset" 275
"../../../LandscapeTest3/Content/Prophet_Stuff/Cyberchick/Textures/wire_006134006_Roughness.uasset" 276
"../../../LandscapeTest3/Content/Prophet_Stuff/Cyberchick/Material/Prophet2.uasset" 277
"../../../LandscapeTest3/Content/Prophet_Stuff/Cyberchick/Prophet_Ingame_Ready__PhysicsAsset.uasset" 278
"../../../LandscapeTest3/Content/Prophet_Stuff/Cyberchick/Prophet_Ingame_Ready_.uasset" 279
"../../../LandscapeTest3/Content/Prophet_Stuff/Cyberchick/BluePrints/ProphetCtrls_BP.uasset" 280
"../../../LandscapeTest3/Content/Prophet_Stuff/Blueprints/ThirdPersonGameMode.uasset" 281
"../../../Engine/Content/EditorSounds/GamePreview/EndPlayInEditor.uasset" 282
"../../../Engine/Content/EditorSounds/GamePreview/EndPlayInEditor_Cue.uasset" 283
"../../../Engine/Content/EditorSounds/GamePreview/StartPlayInEditor.uasset" 284
"../../../Engine/Content/EditorSounds/GamePreview/StartPlayInEditor_Cue.uasset" 285
"../../../Engine/Content/MobileResources/HUD/MobileHUDButton2_off.uasset" 286
"../../../Engine/Content/MobileResources/HUD/MobileHUDDirectionPad3.uasset" 287
"../../../Engine/Content/MobileResources/HUD/T_Castle_ThumbstickInner.uasset" 288
"../../../Engine/Content/MobileResources/T_MobileMenu2.uasset" 289
"../../../Engine/Content/MobileResources/HUD/AnalogHat.uasset" 290
"../../../Engine/Content/MobileResources/HUD/VirtualJoystick_Background.uasset" 291
"../../../Engine/Content/MobileResources/HUD/VirtualJoystick_Thumb.uasset" 292
"../../../Engine/Content/MobileResources/HUD/DefaultVirtualJoysticks.uasset" 293
"../../../Engine/Content/MobileResources/HUD/LeftVirtualJoystickOnly.uasset" 294
"../../../Engine/Content/MobileResources/HUD/MobileHUDButton1_off.uasset" 295
"../../../Engine/Content/MobileResources/HUD/MobileHUDButton1_on.uasset" 296
"../../../Engine/Content/MobileResources/HUD/MobileHUDButton3.uasset" 297
"../../../Engine/Content/MobileResources/HUD/MobileHUDButtonFire.uasset" 298
"../../../Engine/Content/MobileResources/HUD/MobileHUDDirectionPad2.uasset" 299
"../../../Engine/Content/MobileResources/HUD/MobileHUDDirectionStick.uasset" 300
"../../../Engine/Content/MobileResources/HUD/T_Castle_ThumbstickOutter.uasset" 301
"../../../Engine/Content/EditorResources/EmptyActor.uasset" 302
"../../../LandscapeTest3/Content/Prophet_Stuff/Creep/NCreep/Ncreep_Bone__Skeleton.uasset" 303
"../../../LandscapeTest3/Content/Prophet_Stuff/Creep/NCreep/NCreep_Animation_Stance_.uasset" 304
"../../../Engine/Content/EngineSky/C_Sky_Cloud_Color.uasset" 305
"../../../Engine/Content/EngineSky/C_Sky_Horizon_Color.uasset" 306
"../../../Engine/Content/EngineSky/C_Sky_Zenith_Color.uasset" 307
"../../../Engine/Content/EngineSky/T_Sky_Blue.uasset" 308
"../../../Engine/Content/EngineSky/T_Sky_Clouds_M.uasset" 309
"../../../Engine/Content/EngineSky/T_Sky_Stars.uasset" 310
"../../../Engine/Content/EngineSky/M_Sky_Panning_Clouds2.uasset" 311
"../../../Engine/Content/EngineSky/SM_SkySphere.uasset" 312
"../../../Engine/Content/EngineSky/BP_Sky_Sphere.uasset" 313
"../../../LandscapeTest3/Content/GameBP/Landscape/SubstanceShader/Cliff_LayerInfo.uasset" 314
"../../../LandscapeTest3/Content/GameBP/Landscape/SubstanceShader/Dirt_LayerInfo.uasset" 315
"../../../LandscapeTest3/Content/GameBP/Landscape/SubstanceShader/Ground_Mud_LayerInfo.uasset" 316
"../../../Engine/Content/BasicShapes/BasicShapeMaterial.uasset" 317
"../../../Engine/Content/EngineMaterials/WorldGridMaterial.uasset" 318
"../../../Engine/Content/Functions/Engine_MaterialFunctions01/Gradient/LinearGradient.uasset" 319
"../../../Engine/Content/Functions/Engine_MaterialFunctions01/ImageAdjustment/CheapContrast.uasset" 320
"../../../Engine/Content/Functions/Engine_MaterialFunctions02/Texturing/HeightLerp.uasset" 321
"../../../Engine/Content/Functions/Engine_MaterialFunctions03/Blends/Blend_Overlay.uasset" 322
"../../../Engine/Content/Functions/MaterialLayerFunctions/MatLayerBlend_Standard.uasset" 323
"../../../LandscapeTest3/Content/GameBP/CyberAssets/Sci_Fi_walls_Height.uasset" 324
"../../../LandscapeTest3/Content/GameBP/CyberAssets/Sci_Fi_walls_Height_INST_basecolor.uasset" 325
"../../../LandscapeTest3/Content/GameBP/CyberAssets/Sci_Fi_walls_Height_INST_metallic.uasset" 326
"../../../LandscapeTest3/Content/GameBP/CyberAssets/Sci_Fi_walls_Height_INST_normal.uasset" 327
"../../../LandscapeTest3/Content/GameBP/CyberAssets/Sci_Fi_walls_Height_INST_roughness.uasset" 328
"../../../LandscapeTest3/Content/GameBP/CyberAssets/Sci_Fi_walls_Height_INST.uasset" 329
"../../../LandscapeTest3/Content/GameBP/CyberAssets/Sci_Fi_walls_Height_INST_AO.uasset" 330
"../../../LandscapeTest3/Content/GameBP/CyberAssets/Scifi_Floor.uasset" 331
"../../../LandscapeTest3/Content/GameBP/Landscape/SubstanceShader/Rock_Cliff_INST2_AO.uasset" 332
"../../../LandscapeTest3/Content/GameBP/Landscape/SubstanceShader/Rock_Cliff_INST2_metallic.uasset" 333
"../../../LandscapeTest3/Content/GameBP/Landscape/SubstanceShader/Rock_Cliff_INST2_normal.uasset" 334
"../../../LandscapeTest3/Content/GameBP/Landscape/SubstanceShader/Rock_Cliff_INST2_roughness.uasset" 335
"../../../LandscapeTest3/Content/GameBP/Landscape/SubstanceShader/Rock_Ground_Substance.uasset" 336
"../../../LandscapeTest3/Content/GameBP/Landscape/SubstanceShader/Rock_Cliff_INST2.uasset" 337
"../../../LandscapeTest3/Content/GameBP/Landscape/SubstanceShader/Rock_Cliff_INST2_base_colour.uasset" 338
"../../../LandscapeTest3/Content/GameBP/Landscape/SubstanceShader/MF_Cliff.uasset" 339
"../../../LandscapeTest3/Content/GameBP/Landscape/SubstanceShader/Dirt_Ground_INST2_AO.uasset" 340
"../../../LandscapeTest3/Content/GameBP/Landscape/SubstanceShader/Dirt_Ground_INST2_height.uasset" 341
"../../../LandscapeTest3/Content/GameBP/Landscape/SubstanceShader/Dirt_Ground_INST2_metallic.uasset" 342
"../../../LandscapeTest3/Content/GameBP/Landscape/SubstanceShader/Dirt_Ground_INST2_normal.uasset" 343
"../../../LandscapeTest3/Content/GameBP/Landscape/SubstanceShader/Dirt_Ground_INST2_roughness.uasset" 344
"../../../LandscapeTest3/Content/GameBP/Landscape/SubstanceShader/Dirt_Ground_INST2.uasset" 345
"../../../LandscapeTest3/Content/GameBP/Landscape/SubstanceShader/Dirt_Ground_INST2_base_colour.uasset" 346
"../../../LandscapeTest3/Content/GameBP/Landscape/SubstanceShader/MF_Dirt_Ground.uasset" 347
"../../../LandscapeTest3/Content/GameBP/Landscape/SubstanceShader/TX_Mud_Base.uasset" 348
"../../../LandscapeTest3/Content/GameBP/Landscape/SubstanceShader/TX_Mud_N.uasset" 349
"../../../LandscapeTest3/Content/GameBP/Landscape/SubstanceShader/TX_Mud_Roughness.uasset" 350
"../../../LandscapeTest3/Content/GameBP/Landscape/SubstanceShader/MF_Mud_Ground.uasset" 351
"../../../LandscapeTest3/Content/GameBP/Landscape/SubstanceShader/Rock_Ground_INST_AO.uasset" 352
"../../../LandscapeTest3/Content/GameBP/Landscape/SubstanceShader/Rock_Ground_INST_base_colour.uasset" 353
"../../../LandscapeTest3/Content/GameBP/Landscape/SubstanceShader/Rock_Ground_INST_metallic.uasset" 354
"../../../LandscapeTest3/Content/GameBP/Landscape/SubstanceShader/Rock_Ground_INST_normal.uasset" 355
"../../../LandscapeTest3/Content/GameBP/Landscape/SubstanceShader/Rock_Ground_INST_roughness.uasset" 356
"../../../LandscapeTest3/Content/GameBP/Landscape/SubstanceShader/Rock_Ground_INST.uasset" 357
"../../../LandscapeTest3/Content/GameBP/Landscape/SubstanceShader/Rock_Ground_INST_height.uasset" 358
"../../../LandscapeTest3/Content/GameBP/Landscape/SubstanceShader/MT_Lansdscape.uasset" 359
"../../../LandscapeTest3/Content/GameBP/Rocks/rocktest_defaultMat_BaseColor.uasset" 360
"../../../LandscapeTest3/Content/GameBP/Rocks/rocktest_defaultMat_Normal.uasset" 361
"../../../LandscapeTest3/Content/GameBP/Rocks/rocktest_defaultMat_OcclusionRoughnessMetallic.uasset" 362
"../../../LandscapeTest3/Content/GameBP/Rocks/MT_Rocktest.uasset" 363
"../../../LandscapeTest3/Content/Prophet_Stuff/Creep/CyberCreep/Cybertextures/Cyber_Creep_Base_Color.uasset" 364
"../../../LandscapeTest3/Content/Prophet_Stuff/Creep/CyberCreep/Cybertextures/Cyber_Creep_Normal.uasset" 365
"../../../LandscapeTest3/Content/Prophet_Stuff/Creep/CyberCreep/Cybertextures/Cyber_Creep_Specular.uasset" 366
"../../../LandscapeTest3/Content/Prophet_Stuff/Creep/CyberCreep/Cyber.uasset" 367
"../../../LandscapeTest3/Content/Prophet_Stuff/Creep/MTextures/NCreep_AO.uasset" 368
"../../../LandscapeTest3/Content/Prophet_Stuff/Creep/MTextures/NCreep_Diffuse.uasset" 369
"../../../LandscapeTest3/Content/Prophet_Stuff/Creep/MTextures/NCreep_Emissive.uasset" 370
"../../../LandscapeTest3/Content/Prophet_Stuff/Creep/MTextures/NCreep_Metallic.uasset" 371
"../../../LandscapeTest3/Content/Prophet_Stuff/Creep/MTextures/NCreep_Normal.uasset" 372
"../../../LandscapeTest3/Content/Prophet_Stuff/Creep/MTextures/NCreep_Roughness.uasset" 373
"../../../LandscapeTest3/Content/Prophet_Stuff/Creep/NCreep/NCreep.uasset" 374
"../../../LandscapeTest3/Content/StarterContent/Textures/T_MacroVariation.uasset" 375
"../../../LandscapeTest3/Content/StarterContent/Textures/T_Metal_Steel_D.uasset" 376
"../../../LandscapeTest3/Content/StarterContent/Textures/T_Metal_Steel_N.uasset" 377
"../../../LandscapeTest3/Content/StarterContent/Materials/M_Metal_Steel.uasset" 378
"../../../Engine/Content/BasicShapes/Cube.uasset" 379
"../../../Engine/Content/BasicShapes/Cylinder.uasset" 380
"../../../LandscapeTest3/Content/GameBP/CyberAssets/Cyber_Barrel.uasset" 381
"../../../LandscapeTest3/Content/GameBP/CyberAssets/CyberWallModSetPart01Unwrapped.uasset" 382
"../../../LandscapeTest3/Content/GameBP/CyberAssets/CyberWallModSetPart03Unwrapped.uasset" 383
"../../../LandscapeTest3/Content/GameBP/CyberAssets/CyberWallModSetPart04Unwrapped.uasset" 384
"../../../LandscapeTest3/Content/GameBP/CyberAssets/CyberWallModSetPart05Unwrapped.uasset" 385
"../../../LandscapeTest3/Content/GameBP/DieselAssets/diesel_Barrel_01.uasset" 386
"../../../LandscapeTest3/Content/GameBP/DieselAssets/Lamp_Diesel_Unwrap.uasset" 387
"../../../LandscapeTest3/Content/GameBP/DieselAssets/tank_wall_diesel.uasset" 388
"../../../LandscapeTest3/Content/GameBP/Rocks/rocktest.uasset" 389
"../../../LandscapeTest3/Content/Prophet_Stuff/Creep/CyberCreep/Creep_Cyber_In_game__PhysicsAsset.uasset" 390
"../../../LandscapeTest3/Content/Prophet_Stuff/Creep/CyberCreep/Creep_Cyber_In_game__Skeleton.uasset" 391
"../../../LandscapeTest3/Content/Prophet_Stuff/Creep/CyberCreep/Creep_Cyber_In_game_.uasset" 392
"../../../LandscapeTest3/Content/Prophet_Stuff/Creep/NCreep/Ncreep_Bone_.uasset" 393
"../../../LandscapeTest3/Content/GameBP/GameMap.umap" 394
